0 0.022478137104749184
0.043478260869565216 0.07478439305129891
0.08695652173913043 0.12838212062207213
0.13043478260869565 0.17776449152595192
0.17391304347826086 0.22286506051301724
0.21739130434782608 0.2788623439482103
0.2608695652173913 0.33064858921016343
0.30434782608695654 0.36768823879767004
0.34782608695652173 0.36768823879767004
0.391304347826087 0.4177791680230238
0.43478260869565216 0.458715835315076
0.4782608695652174 0.4970442028478502
0.5217391304347826 0.5456644669516297
0.5652173913043478 0.5897990297011724
0.6086956521739131 0.6302854544734241
0.6521739130434783 0.6668647171133241
0.6956521739130435 0.6668647171133241
0.7391304347826086 0.6982856810682937
0.782608695652174 0.7371785336847814
0.8260869565217391 0.7670092189269124
0.8695652173913043 0.7993555035687676
0.9130434782608695 0.829794225079519
0.9565217391304348 0.8545760484867845
1 0.8545760484867845
1.0434782608695652 0.8798626802561325
1.0869565217391304 0.9024893245499347
1.1304347826086956 0.9230750887558956
1.173913043478261 0.9410070114991465
1.2173913043478262 0.9570278923057871
1.2608695652173914 0.9698071037046077
1.3043478260869565 0.981578790721446
1.3478260869565217 0.981578790721446
1.391304347826087 0.9892697095913612
1.434782608695652 0.9948130626176471
1.4782608695652173 0.9981647544613975
1.5217391304347827 0.9991214652963007
1.565217391304348 0.9965908258322403
1.608695652173913 0.9935249568248788
1.6521739130434783 0.9863044881291014
1.6956521739130435 0.9863044881291014
1.7391304347826086 0.9756054880692777
1.7826086956521738 0.9667371846334599
1.826086956521739 0.9515405331265101
1.8695652173913044 0.933407345739054
1.9130434782608696 0.9181488464823395
1.9565217391304348 0.8974722020422192
2 0.8974722020422192
2.0434782608695654 0.8740056216798342
2.0869565217391304 0.8472908125180045
2.130434782608696 0.8238937735085343
2.1739130434782608 0.7921247635091464
2.217391304347826 0.7592204249698535
2.260869565217391 0.7279384863532472
2.3043478260869565 0.6892397421351791
2.347826086956522 0.6892397421351791
2.391304347826087 0.6513027267370453
2.4347826086956523 0.6126499309120121
2.4782608695652173 0.5710514584018536
2.5217391304347827 0.5274641991889336
2.5652173913043477 0.48858885309693717
2.608695652173913 0.4462753109313076
2.652173913043478 0.40615588178612244
2.6956521739130435 0.40615588178612244
2.739130434782609 0.3586477292540294
2.782608695652174 0.30522467224719213
2.8260869565217392 0.2588740241439044
2.869565217391304 0.21522941175751065
2.9130434782608696 0.16469000547353102
2.9565217391304346 0.10528960737115675
3 0.10528960737115675
3.0434782608695654 0.06700883880646225
3.0869565217391304 0.016097061959698643
3.130434782608696 -0.030861540968568003
3.1739130434782608 -0.08119238180288794
3.217391304347826 -0.132325487626764
3.260869565217391 -0.19137826996042928
3.3043478260869565 -0.23583641240761047
3.347826086956522 -0.23583641240761047
3.391304347826087 -0.28607221502870805
3.4347826086956523 -0.3264745150180707
3.4782608695652173 -0.37407485984238703
3.5217391304347827 -0.42883092866645
3.5652173913043477 -0.4755616086783116
3.608695652173913 -0.5185427443752065
3.652173913043478 -0.5659709242167633
3.6956521739130435 -0.5659709242167633
3.739130434782609 -0.5993136410638864
3.782608695652174 -0.6315064840665614
3.8260869565217392 -0.6661891116782458
3.869565217391304 -0.7078350904612636
3.9130434782608696 -0.7387015509375678
3.9565217391304346 -0.7719685087183267
4 -0.7719685087183267
4.043478260869565 -0.8055020200643885
4.086956521739131 -0.8345157027306019
4.130434782608695 -0.8622145969339328
4.173913043478261 -0.8824149445246049
4.217391304347826 -0.905448347951404
4.260869565217392 -0.9288200150297489
4.304347826086956 -0.9442870229244887
